Build started 1/21/2020 5:36:25 PM.
     1>Project "C:\Users\Coda\OneDrive - Einstein Healthcare Network\Documents\cpp code\same_diff_test\imitation.vcxproj" on node 2 (build target(s)).
     1>InitializeBuildStatus:
         Creating "Debug\imitation.unsuccessfulbuild" because "AlwaysCreate" was specified.
       ClCompile:
         c:\Program Files (x86)\Microsoft Visual Studio 10.0\VC\bin\CL.exe /c /I"C:\Users\Coda\OneDrive - Einstein Healthcare Network\Documents\cpp code\same_diff_test\\SDL2-2.0.5\include" /I"C:\Users\Coda\OneDrive - Einstein Healthcare Network\Documents\cpp code\same_diff_test\\vlc-3.0.6\sdk\include" /ZI /nologo /W3 /WX- /Od /Oy- /D WIN32 /D _DEBUG /D _WINDOWS /D _UNICODE /D UNICODE /Gm /EHsc /RTC1 /MDd /GS /fp:precise /Zc:wchar_t /Zc:forScope /Fo"Debug\\" /Fd"Debug\vc100.pdb" /Gd /TP /analyze- /errorReport:prompt main.cpp
         main.cpp
     1>c:\users\coda\onedrive - einstein healthcare network\documents\cpp code\same_diff_test\main.cpp(46): warning C4068: unknown pragma
     1>c:\users\coda\onedrive - einstein healthcare network\documents\cpp code\same_diff_test\main.cpp(173): warning C4996: 'freopen': This function or variable may be unsafe. Consider using freopen_s instead. To disable deprecation, use _CRT_SECURE_NO_WARNINGS. See online help for details.
                 c:\program files (x86)\microsoft visual studio 10.0\vc\include\stdio.h(249) : see declaration of 'freopen'
     1>c:\users\coda\onedrive - einstein healthcare network\documents\cpp code\same_diff_test\main.cpp(174): warning C4996: 'freopen': This function or variable may be unsafe. Consider using freopen_s instead. To disable deprecation, use _CRT_SECURE_NO_WARNINGS. See online help for details.
                 c:\program files (x86)\microsoft visual studio 10.0\vc\include\stdio.h(249) : see declaration of 'freopen'
     1>c:\users\coda\onedrive - einstein healthcare network\documents\cpp code\same_diff_test\main.cpp(256): warning C4305: '=' : truncation from 'int' to 'char'
     1>c:\users\coda\onedrive - einstein healthcare network\documents\cpp code\same_diff_test\main.cpp(256): warning C4309: '=' : truncation of constant value
     1>c:\users\coda\onedrive - einstein healthcare network\documents\cpp code\same_diff_test\main.cpp(339): warning C4996: 'sscanf': This function or variable may be unsafe. Consider using sscanf_s instead. To disable deprecation, use _CRT_SECURE_NO_WARNINGS. See online help for details.
                 c:\program files (x86)\microsoft visual studio 10.0\vc\include\stdio.h(325) : see declaration of 'sscanf'
     1>c:\users\coda\onedrive - einstein healthcare network\documents\cpp code\same_diff_test\main.cpp(551): warning C4996: 'sprintf': This function or variable may be unsafe. Consider using sprintf_s instead. To disable deprecation, use _CRT_SECURE_NO_WARNINGS. See online help for details.
                 c:\program files (x86)\microsoft visual studio 10.0\vc\include\stdio.h(371) : see declaration of 'sprintf'
     1>c:\users\coda\onedrive - einstein healthcare network\documents\cpp code\same_diff_test\main.cpp(566): warning C4996: 'sprintf': This function or variable may be unsafe. Consider using sprintf_s instead. To disable deprecation, use _CRT_SECURE_NO_WARNINGS. See online help for details.
                 c:\program files (x86)\microsoft visual studio 10.0\vc\include\stdio.h(371) : see declaration of 'sprintf'
     1>c:\users\coda\onedrive - einstein healthcare network\documents\cpp code\same_diff_test\main.cpp(716): warning C4996: 'freopen': This function or variable may be unsafe. Consider using freopen_s instead. To disable deprecation, use _CRT_SECURE_NO_WARNINGS. See online help for details.
                 c:\program files (x86)\microsoft visual studio 10.0\vc\include\stdio.h(249) : see declaration of 'freopen'
     1>c:\users\coda\onedrive - einstein healthcare network\documents\cpp code\same_diff_test\main.cpp(1099): warning C4018: '>' : signed/unsigned mismatch
     1>c:\users\coda\onedrive - einstein healthcare network\documents\cpp code\same_diff_test\main.cpp(1180): warning C4018: '>' : signed/unsigned mismatch
     1>c:\users\coda\onedrive - einstein healthcare network\documents\cpp code\same_diff_test\main.cpp(1240): warning C4018: '>' : signed/unsigned mismatch
       ManifestResourceCompile:
         All outputs are up-to-date.
       Link:
         c:\Program Files (x86)\Microsoft Visual Studio 10.0\VC\bin\link.exe /ERRORREPORT:PROMPT /OUT:"C:\Users\Coda\OneDrive - Einstein Healthcare Network\Documents\cpp code\same_diff_test\Debug\imitation.exe" /INCREMENTAL /NOLOGO /LIBPATH:"C:\Users\Coda\OneDrive - Einstein Healthcare Network\Documents\cpp code\same_diff_test\\SDL2-2.0.5\lib\x86" /LIBPATH:"C:\Users\Coda\OneDrive - Einstein Healthcare Network\Documents\cpp code\same_diff_test\\vlc-3.0.6\sdk\lib" opengl32.lib glu32.lib SDL2.lib SDL2main.lib SDL2_mixer.lib SDL2_ttf.lib SDL2_image.lib shlwapi.lib libvlc.lib kernel32.lib user32.lib gdi32.lib winspool.lib comdlg32.lib advapi32.lib shell32.lib ole32.lib oleaut32.lib uuid.lib odbc32.lib odbccp32.lib /MANIFEST /ManifestFile:"Debug\imitation.exe.intermediate.manifest" /MANIFESTUAC:"level='asInvoker' uiAccess='false'" /DEBUG /PDB:"C:\Users\Coda\OneDrive - Einstein Healthcare Network\Documents\cpp code\same_diff_test\Debug\imitation.pdb" /SUBSYSTEM:WINDOWS /TLBID:1 /DYNAMICBASE /NXCOMPAT /IMPLIB:"C:\Users\Coda\OneDrive - Einstein Healthcare Network\Documents\cpp code\same_diff_test\Debug\imitation.lib" /MACHINE:X86 Debug\imitation.exe.embed.manifest.res
         Debug\Circle.obj
         Debug\DataWriter.obj
         Debug\Image.obj
         Debug\main.obj
         Debug\Object2D.obj
         Debug\Sound.obj
         Debug\Timer.obj
         Debug\vlcVideoPlayerSM.obj
       Manifest:
         C:\Program Files (x86)\Microsoft SDKs\Windows\v7.0A\bin\mt.exe /nologo /verbose /out:"Debug\imitation.exe.embed.manifest" /manifest Debug\imitation.exe.intermediate.manifest
         All outputs are up-to-date.
       LinkEmbedManifest:
         All outputs are up-to-date.
         imitation.vcxproj -> C:\Users\Coda\OneDrive - Einstein Healthcare Network\Documents\cpp code\same_diff_test\Debug\imitation.exe
       FinalizeBuildStatus:
         Deleting file "Debug\imitation.unsuccessfulbuild".
         Touching "Debug\imitation.lastbuildstate".
     1>Done Building Project "C:\Users\Coda\OneDrive - Einstein Healthcare Network\Documents\cpp code\same_diff_test\imitation.vcxproj" (build target(s)).

Build succeeded.

Time Elapsed 00:00:01.42
